lab002                                                                                                                  PAGE 1
                         1     ORG 0
                         2
0000 5105                3             acall   CONFIGURE_LCD
0002 7928                4             Mov R1,#40
0004 752A66              5             mov  42,#'f'
0007 75293D              6             mov  41,#'='
000A 752648              7             mov  38,#'H'
000D 75257A              8             mov  37,#'z'
0010 7821                9             Mov R0,#33
0012 752344             10             mov  35,#'D'
0015 75223D             11             mov  34,#'='
0018 751F25             12             mov  31,#'%'
                        13
                        14     KEYBOARD_LOOP:
001B 5145               15             acall KEYBOARD
                        16             ;now, A has the key pressed
001D 5127               17             acall send_data
001F F7                 18             Mov @R1,A
0020 19                 19             DEC R1
0021 B926F7             20             CJNE R1,#38,KEYBOARD_LOOP
0024 5145               21     key:    acall KEYBOARD
0026 5127               22             acall send_data
0028 F6                 23             Mov @R0,A
0029 18                 24             DEC R0
002A B81FF7             25             CJNE R0,#31,KEY
002D 5105               26             acall CONFIGURE_LCD
002F 1135               27             acall det
0031 31BC               28             acall duty
0033 80E6               29             sjmp KEYBOARD_LOOP
                        30
                        31     det:
0035 AA28               32             Mov R2,40
0037 AB27               33             Mov R3,39
0039 1160               34             Acall Table
003B 31AC               35             ACALL Get_Freq
                        36
003D 782A               37             Mov R0,#42
003F E6                 38     print_freq:     Mov A,@R0
0040 5127               39             acall send_data
0042 18                 40             dec R0
0043 B824F9             41             CJNE R0,#36,print_freq
0046 74AB               42             mov a,#0ABH     ;FORCE CURSOR TO BEGINNING OF THE SECOND LINE
0048 511A               43             acall SEND_COMMAND
004A 7823               44             Mov R0,#35
004C 752030             45             Mov 32,#'0'
004F E6                 46     print_duty:     Mov A,@R0
0050 5127               47             acall send_data
0052 18                 48             dec R0
0053 B81EF9             49             CJNE R0,#30,print_duty
0056 22                 50             ret
                        51
                        52
                        53
                        54     DELAYD:
0057 AE32               55             MOV R6, 50
0059 AF33               56         H2: MOV r7, 51
005B DFFE               57         H1: DJNZ R7,H1
005D DEFA               58             DJNZ R6,H2
005F 22                 59             RET
                        60
                        61     Table:
0060 BA3007             62             CJNE R2,#'0', One
0063 11C3               63             acall DELAY_0
0065 9002BE             64             mov DPTR,#PI0
0068 8058               65             sjmp fin
006A BA3107             66     One:    CJNE R2,#'1',Two
006D 11DA               67             acall DELAY_1
006F 9002C8             68             mov DPTR,#PI1
0072 804E               69             sjmp fin
0074 BA3207             70     Two:    CJNE R2,#'2',Three
0077 11F1               71             acall DELAY_2
0079 9002D2             72             mov DPTR,#PI2
007C 8044               73             sjmp fin
007E BA3307             74     Three:  CJNE R2,#'3',four
0081 3108               75             acall DELAY_3
0083 9002DC             76             mov DPTR,#PI3
0086 803A               77             sjmp fin
0088 BA3407             78     Four:   CJNE R2,#'4',Five
008B 311F               79             acall DELAY_4
008D 9002E6             80             mov DPTR,#PI4
0090 8030               81             sjmp fin
0092 BA3507             82     Five:   CJNE R2,#'5',Six
0095 3136               83             acall DELAY_5
0097 9002F0             84             mov DPTR,#PI5
009A 8026               85             sjmp fin
009C BA3607             86     Six:    CJNE R2,#'6',Seven
009F 314D               87             acall DELAY_6
00A1 9002FA             88             mov DPTR,#PI6
00A4 801C               89             sjmp fin
00A6 BA3707             90     Seven:  CJNE R2,#'7',eight
00A9 3164               91             acall DELAY_7
00AB 900304             92             mov DPTR,#PI7
00AE 8012               93             sjmp fin
00B0 BA3807             94     Eight:  CJNE R2,#'8',Nine
00B3 317B               95             acall DELAY_8
00B5 90030E             96             mov DPTR,#PI8
00B8 8008               97             sjmp fin
00BA BA3905             98     Nine:   CJNE R2,#'9',fin
00BD 3192               99             acall DELAY_9
00BF 900318            100             mov DPTR,#PI9
00C2 22                101     fin:    ret
                       102
                       103
                       104
                       105     Delay_0:
00C3 900323            106             mov DPTR,#First_D0
00C6 E4                107             clr A
00C7 EB                108             Mov A,R3
00C8 31A9              109             ACALL TO_HEX
00CA 93                110             Movc A, @A+DPTR
00CB F532              111             Mov 50, A
00CD E4                112             clr A
00CE 900387            113             mov DPTR,#SEC_D0
00D1 E4                114             clr A
00D2 EB                115             Mov A,R3
00D3 31A9              116             ACALL TO_HEX
00D5 93                117             Movc A, @A+DPTR
00D6 F533              118             Mov 51, A
00D8 E4                119             clr A
00D9 22                120             ret
                       121     Delay_1:
00DA 90032D            122             mov DPTR,#First_D1
00DD E4                123             clr A
00DE EB                124             Mov A,R3
00DF 31A9              125             ACALL TO_HEX
00E1 93                126             Movc A, @A+DPTR
00E2 F532              127             Mov 50, A
00E4 E4                128             clr A
00E5 900391            129             mov DPTR,#SEC_D1
00E8 E4                130             clr A
00E9 EB                131             Mov A,R3
00EA 31A9              132             ACALL TO_HEX
00EC 93                133             Movc A, @A+DPTR
00ED F533              134             Mov 51, A
00EF E4                135             clr A
00F0 22                136             ret
                       137     Delay_2:
00F1 900337            138             mov DPTR,#First_D2
00F4 E4                139             clr A
00F5 EB                140             Mov A,R3
00F6 31A9              141             ACALL TO_HEX
00F8 93                142             Movc A, @A+DPTR
00F9 F532              143             Mov 50, A
00FB E4                144             clr A
00FC 90039B            145             mov DPTR,#SEC_D2
00FF E4                146             clr A
0100 EB                147             Mov A,R3
0101 31A9              148             ACALL TO_HEX
0103 93                149             Movc A, @A+DPTR
0104 F533              150             Mov 51, A
0106 E4                151             clr A
0107 22                152             ret
                       153     Delay_3:
0108 900341            154             mov DPTR,#First_D3
010B E4                155             clr A
010C EB                156             Mov A,R3
010D 31A9              157             ACALL TO_HEX
010F 93                158             Movc A, @A+DPTR
0110 F532              159             Mov 50, A
0112 E4                160             clr A
0113 9003A5            161             mov DPTR,#SEC_D3
0116 E4                162             clr A
0117 EB                163             Mov A,R3
0118 31A9              164             ACALL TO_HEX
011A 93                165             Movc A, @A+DPTR
011B F533              166             Mov 51, A
011D E4                167             clr A
011E 22                168             ret
                       169     Delay_4:
011F 90034B            170             mov DPTR,#First_D4
0122 E4                171             clr A
0123 EB                172             Mov A,R3
0124 31A9              173             ACALL TO_HEX
0126 93                174             Movc A, @A+DPTR
0127 F532              175             Mov 50, A
0129 E4                176             clr A
012A 9003AF            177             mov DPTR,#SEC_D4
012D E4                178             clr A
012E EB                179             Mov A,R3
012F 31A9              180             ACALL TO_HEX
0131 93                181             Movc A, @A+DPTR
0132 F533              182             Mov 51, A
0134 E4                183             clr A
0135 22                184             ret
                       185     Delay_5:
0136 900355            186             mov DPTR,#First_D5
0139 E4                187             clr A
013A EB                188             Mov A,R3
013B 31A9              189             ACALL TO_HEX
013D 93                190             Movc A, @A+DPTR
013E F532              191             Mov 50, A
0140 E4                192             clr A
0141 9003B9            193             mov DPTR,#SEC_D5
0144 E4                194             clr A
0145 EB                195             Mov A,R3
0146 31A9              196             ACALL TO_HEX
0148 93                197             Movc A, @A+DPTR
0149 F533              198             Mov 51, A
014B E4                199             clr A
014C 22                200             ret
                       201     Delay_6:
014D 90035F            202             mov DPTR,#First_D6
0150 E4                203             clr A
0151 EB                204             Mov A,R3
0152 31A9              205             ACALL TO_HEX
0154 93                206             Movc A, @A+DPTR
0155 F532              207             Mov 50, A
0157 E4                208             clr A
0158 9003C3            209             mov DPTR,#SEC_D6
015B E4                210             clr A
015C EB                211             Mov A,R3
015D 31A9              212             ACALL TO_HEX
015F 93                213             Movc A, @A+DPTR
0160 F533              214             Mov 51, A
0162 E4                215             clr A
0163 22                216             ret
                       217     Delay_7:
0164 900369            218             mov DPTR,#First_D7
0167 E4                219             clr A
0168 EB                220             Mov A,R3
0169 31A9              221             ACALL TO_HEX
016B 93                222             Movc A, @A+DPTR
016C F532              223             Mov 50, A
016E E4                224             clr A
016F 9003CD            225             mov DPTR,#SEC_D7
0172 E4                226             clr A
0173 EB                227             Mov A,R3
0174 31A9              228             ACALL TO_HEX
0176 93                229             Movc A, @A+DPTR
0177 F533              230             Mov 51, A
0179 E4                231             clr A
017A 22                232             ret
                       233     Delay_8:
017B 900373            234             mov DPTR,#First_D8
017E E4                235             clr A
017F EB                236             Mov A,R3
0180 31A9              237             ACALL TO_HEX
0182 93                238             Movc A, @A+DPTR
0183 F532              239             Mov 50, A
0185 E4                240             clr A
0186 9003D7            241             mov DPTR,#SEC_D8
0189 E4                242             clr A
018A EB                243             Mov A,R3
018B 31A9              244             ACALL TO_HEX
018D 93                245             Movc A, @A+DPTR
018E F533              246             Mov 51, A
0190 E4                247             clr A
0191 22                248             ret
                       249     Delay_9:
0192 90037D            250             mov DPTR,#First_D9
0195 E4                251             clr A
0196 EB                252             Mov A,R3
0197 31A9              253             ACALL TO_HEX
0199 93                254             Movc A, @A+DPTR
019A F532              255             Mov 50, A
019C E4                256             clr A
019D 9003E1            257             mov DPTR,#SEC_D9
01A0 E4                258             clr A
01A1 EB                259             Mov A,R3
01A2 31A9              260             ACALL TO_HEX
01A4 93                261             Movc A, @A+DPTR
01A5 F533              262             Mov 51, A
01A7 E4                263             clr A
01A8 22                264             ret
                       265
                       266
                       267
                       268
                       269
                       270
                       271
                       272     TO_HEX:
01A9 540F              273             ANL A,#00001111b
01AB 22                274             ret
                       275
                       276     Get_Freq:
01AC E4                277             clr A
01AD EB                278             Mov A,R3
01AE 31A9              279             ACALL TO_HEX
01B0 93                280             movc A, @A+DPTR; get ASCII code from the table
01B1 F528              281             Mov 40,A
01B3 E4                282             clr A
01B4 EB                283             Mov A,R3
01B5 04                284             Inc A
01B6 31A9              285             ACALL TO_HEX
01B8 93                286             movc A, @A+DPTR; get ASCII code from the table
01B9 F527              287             Mov 39,A
01BB 22                288             ret
                       289
                       290
                       291     DUTY:
01BC AC21              292             Mov R4,33
01BE D2A7              293             setb P2.7
01C0 BC3808            294             CJNE R4,#'8',Duty6_H
01C3 1157              295             acall DelayD
01C5 1157              296             acall DelayD
01C7 1157              297             acall DelayD
01C9 1157              298             acall DelayD
01CB BC3606            299     Duty6_H:CJNE R4,#'6',Duty4_H
01CE 1157              300             acall DelayD
01D0 1157              301             acall DelayD
01D2 1157              302             acall DelayD
01D4 BC3404            303     Duty4_H:CJNE R4,#'4',Duty2_H
01D7 1157              304             acall DelayD
01D9 1157              305             acall DelayD
01DB BC3202            306     Duty2_H:CJNE R4,#'2', FINISH_H
01DE 1157              307             acall DelayD
01E0 C2A7              308     Finish_H: clr P2.7
01E2 BC3802            309             CJNE R4,#'8',Duty6_L
01E5 1157              310             acall DelayD
01E7 BC3604            311     Duty6_L:CJNE R4,#'6',Duty4_L
01EA 1157              312             acall DelayD
01EC 1157              313             acall DelayD
01EE BC3406            314     Duty4_L:CJNE R4,#'4',Duty2_L
01F1 1157              315             acall DelayD
01F3 1157              316             acall DelayD
01F5 1157              317             acall DelayD
01F7 BC3208            318     Duty2_L:CJNE R4,#'2', FINISH_L
01FA 1157              319             acall DelayD
01FC 1157              320             acall DelayD
01FE 1157              321             acall DelayD
0200 1157              322             acall DelayD
0202 80B8              323     Finish_L: sjmp Duty
0204 22                324             ret
                       325
                       326
                       327
                       328
                       329     CONFIGURE_LCD:  ;THIS SUBROUTINE SENDS THE INITIALIZATION COMMANDS TO THE LCD
0205 7438              330             mov a,#38H      ;TWO LINES, 5X7 MATRIX
0207 511A              331             acall SEND_COMMAND
0209 740F              332             mov a,#0FH      ;DISPLAY ON, CURSOR BLINKING
020B 511A              333             acall SEND_COMMAND
020D 7406              334             mov a,#06H      ;INCREMENT CURSOR (SHIFT CURSOR TO RIGHT)
020F 511A              335             acall SEND_COMMAND
0211 7401              336             mov a,#01H      ;CLEAR DISPLAY SCREEN
0213 511A              337             acall SEND_COMMAND
0215 7480              338             mov a,#80H      ;FORCE CURSOR TO BEGINNING OF THE FIRST LINE
0217 511A              339             acall SEND_COMMAND
0219 22                340             ret
                       341
                       342
                       343
                       344     SEND_COMMAND:
021A F590              345             mov p1,a                ;THE COMMAND IS STORED IN A, SEND IT TO LCD
021C C2B5              346             clr p3.5                ;RS=0 BEFORE SENDING COMMAND
021E C2B6              347             clr p3.6                ;R/W=0 TO WRITE
0220 D2B7              348             setb p3.7       ;SEND A HIGH TO LOW SIGNAL TO ENABLE PIN
0222 5134              349             acall DELAY
0224 C2B7              350             clr p3.7
0226 22                351             ret
                       352
                       353
                       354     SEND_DATA:
0227 F590              355             mov p1,a                ;SEND THE DATA STORED IN A TO LCD
0229 D2B5              356             setb p3.5       ;RS=1 BEFORE SENDING DATA
022B C2B6              357             clr p3.6                ;R/W=0 TO WRITE
022D D2B7              358             setb p3.7       ;SEND A HIGH TO LOW SIGNAL TO ENABLE PIN
022F 5134              359             acall DELAY
0231 C2B7              360             clr p3.7
0233 22                361             ret
                       362
                       363
                       364     DELAY:
0234 C000              365             push 0
0236 C001              366             push 1
0238 7832              367             mov r0,#50
                       368     DELAY_OUTER_LOOP:
023A 79FF              369             mov r1,#255
023C D9FE              370             djnz r1,$
023E D8FA              371             djnz r0,DELAY_OUTER_LOOP
0240 D001              372             pop 1
0242 D000              373             pop 0
0244 22                374             ret
                       375
                       376
                       377     KEYBOARD: ;takes the key pressed from the keyboard and puts it to A
0245 7580FF            378             mov     P0, #0ffh       ;makes P0 input
                       379     K1:
0248 75A000            380             mov     P2, #0  ;ground all rows
024B E580              381             mov     A, P0
024D 540F              382             anl     A, #00001111B
024F B40FF6            383             cjne    A, #00001111B, K1
                       384     K2:
0252 5134              385             acall   DELAY
0254 E580              386             mov     A, P0
0256 540F              387             anl     A, #00001111B
0258 B40F02            388             cjne    A, #00001111B, KB_OVER
025B 80F5              389             sjmp    K2
                       390     KB_OVER:
025D 5134              391             acall DELAY
025F E580              392             mov     A, P0
0261 540F              393             anl     A, #00001111B
0263 B40F02            394             cjne    A, #00001111B, KB_OVER1
0266 80EA              395             sjmp    K2
                       396     KB_OVER1:
0268 75A0FE            397             mov     P2, #11111110B
026B E580              398             mov     A, P0
026D 540F              399             anl     A, #00001111B
026F B40F21            400             cjne    A, #00001111B, ROW_0
0272 75A0FD            401             mov     P2, #11111101B
0275 E580              402             mov     A, P0
0277 540F              403             anl     A, #00001111B
0279 B40F1C            404             cjne    A, #00001111B, ROW_1
027C 75A0FB            405             mov     P2, #11111011B
027F E580              406             mov     A, P0
0281 540F              407             anl     A, #00001111B
0283 B40F17            408             cjne    A, #00001111B, ROW_2
0286 75A0F7            409             mov     P2, #11110111B
0289 E580              410             mov     A, P0
028B 540F              411             anl     A, #00001111B
028D B40F12            412             cjne    A, #00001111B, ROW_3
0290 020252            413             ljmp    K2
                       414
                       415     ROW_0:
0293 9002AE            416             mov     DPTR, #KCODE0
0296 800D              417             sjmp    KB_FIND
                       418     ROW_1:
0298 9002B2            419             mov     DPTR, #KCODE1
029B 8008              420             sjmp    KB_FIND
                       421     ROW_2:
029D 9002B6            422             mov     DPTR, #KCODE2
02A0 8003              423             sjmp    KB_FIND
                       424     ROW_3:
02A2 9002BA            425             mov     DPTR, #KCODE3
                       426     KB_FIND:
02A5 13                427             rrc     A
02A6 5003              428             jnc     KB_MATCH
02A8 A3                429             inc     DPTR
02A9 80FA              430             sjmp    KB_FIND
                       431     KB_MATCH:
02AB E4                432             clr     A
02AC 93                433             movc    A, @A+DPTR; get ASCII code from the table
02AD 22                434             ret
                       435
                       436     ;ASCII look-up table
02AE 31323341          437     KCODE0: DB      '1', '2', '3', 'A'
02B2 34353642          438     KCODE1: DB      '4', '5', '6', 'B'
02B6 37383943          439     KCODE2: DB      '7', '8', '9', 'C'
02BA 2A302344          440     KCODE3: DB      '*', '0', '#', 'D'
                       441
                       442
                       443
02BE 3839373933        444     PI0: DB '8','9','7','9','3','2','3','8','4','6'
     3233383436
02C8 3236343333        445     PI1: DB '2','6','4','3','3','8','3','2','7','9'
     3833323739
02D2 3530323838        446     PI2: DB '5','0','2','8','8','4','1','9','7','1'
     3431393731
02DC 3639333939        447     PI3: DB '6','9','3','9','9','3','7','5','1','0'
     3337353130
02E6 3538323039        448     PI4: DB '5','8','2','0','9','7','4','9','4','4'
     3734393434
02F0 3539323330        449     PI5: DB '5','9','2','3','0','7','8','1','6','4'
     3738313634
02FA 3036323836        450     PI6: DB '0','6','2','8','6','2','0','8','9','9'
     3230383939
0304 3836323830        451     PI7: DB '8','6','2','8','0','3','4','8','2','5'
     3334383235
030E 3334323131        452     PI8: DB '3','4','2','1','1','7','0','6','7','9'
     3730363739
0318 3832313438        453     PI9: DB '8','2','1','4','8','0','8','6','5','1','3'
     3038363531
     33
                       454
0323 05050B040C        455     FIRST_D0: DB 5,5,11,4,12,24,25,6,11,9
     1819060B09
032D 0E06091319        456     FIRST_D1: DB 14,6,9,19,25,5,12,14,11,5
     050C0E0B05
0337 13C00E0806        457     FIRST_D2: DB 19,192,14,8,6,13,25,5,11,24
     0D19050B18
0341 0504110704        458     FIRST_D3: DB 5,4,17,7,4,47,5,13,48,96
     2F050D3060
034B 0705184005        459     FIRST_D4: DB 7,5,24,64,5,5,9,4,13,16
     0509040D10
0355 0B0718103A        460     FIRST_D5: DB 11,7,24,16,58,5,17,24,6,12
     051118060C
035F 40090E0709        461     FIRST_D6: DB 64,9,14,7,9,24,48,5,7,4
     1830050704
0369 07090E0680        462     FIRST_D7: DB 7,9,14,6,128,21,8,5,19,37
     1508051325
0373 1511133B27        463     FIRST_D8: DB 21,17,19,59,39,7,64,11,11,4
     07400B0B04
037D 05131D0806        464     FIRST_D9: DB 5,19,29,8,6,48,7,11,13,51
     30070B0D33
                       465
0387 CFBE6AF8F0        466     SEC_D0: DB 207,190,106,248,240,167,97,183,182,165
     A761B7B6A5
0391 FDF0EE9361        467     SEC_D1: DB 253,240,238,147,97,222,240,244,106,194
     DEF0F46AC2
039B 61F0EB83B7        468     SEC_D2: DB 97,240,235,131,183,173,194,190,118,240
     ADC2BE76F0
03A5 59F88B85F8        469     SEC_D3: DB 89,248,139,133,248,53,246,139,192,192
     35F68BC0C0
03AF E3E1C0A0BE        470     SEC_D4: DB 227,225,192,160,190,249,209,245,161,128
     F9D1F5A180
03B9 8E8FA7C0E3        471     SEC_D5: DB 142,143,167,192,227,236,67,240,240,192
     EC43F0F0C0
03C3 F0A5EB99A5        472     SEC_D6: DB 240,165,235,153,165,192,240,207,133,235
     C0F0CF85EB
03CD 99A5EBC0F0        473     SEC_D7: DB 153,165,235,192,240,129,240,225,194,47
     81F0E1C22F
03D7 8181E78E8B        474     SEC_D8: DB 129,129,231,142,139,188,240,125,106,235
     BCF07D6AEB
03E1 E1E7E3F0C0        475     SEC_D9: DB 225,231,227,240,192,240,153,129,139,139
     F099818B8B
                       476
                       477     end
ASSEMBLY COMPLETE, NO ERRORS FOUND, NO WARNINGS


SYMBOL TABLE:
??MCU_8051_IDE . . . . . . . . . . .  N  NUMB  8051H  NOT USED
??VERSION. . . . . . . . . . . . . .  N  NUMB  0147H  NOT USED
AC . . . . . . . . . . . . . . . . .  B  ADDR  00D6H  NOT USED
ACC. . . . . . . . . . . . . . . . .  D  ADDR  00E0H  NOT USED
ACSR . . . . . . . . . . . . . . . .  D  ADDR  0097H  NOT USED
ADCF . . . . . . . . . . . . . . . .  D  ADDR  00F6H  NOT USED
ADCLK. . . . . . . . . . . . . . . .  D  ADDR  00F2H  NOT USED
ADCON. . . . . . . . . . . . . . . .  D  ADDR  00F3H  NOT USED
ADDH . . . . . . . . . . . . . . . .  D  ADDR  00F5H  NOT USED
ADDL . . . . . . . . . . . . . . . .  D  ADDR  00F4H  NOT USED
AUXR . . . . . . . . . . . . . . . .  D  ADDR  008EH  NOT USED
AUXR1. . . . . . . . . . . . . . . .  D  ADDR  00A2H  NOT USED
B. . . . . . . . . . . . . . . . . .  D  ADDR  00F0H  NOT USED
BDRCON . . . . . . . . . . . . . . .  D  ADDR  009BH  NOT USED
BDRCON_1 . . . . . . . . . . . . . .  D  ADDR  009CH  NOT USED
BRL. . . . . . . . . . . . . . . . .  D  ADDR  009AH  NOT USED
CCAP0H . . . . . . . . . . . . . . .  D  ADDR  00FAH  NOT USED
CCAP0L . . . . . . . . . . . . . . .  D  ADDR  00EAH  NOT USED
CCAP1H . . . . . . . . . . . . . . .  D  ADDR  00FBH  NOT USED
CCAP1L . . . . . . . . . . . . . . .  D  ADDR  00EBH  NOT USED
CCAP2H . . . . . . . . . . . . . . .  D  ADDR  00FCH  NOT USED
CCAP3H . . . . . . . . . . . . . . .  D  ADDR  00FDH  NOT USED
CCAP4H . . . . . . . . . . . . . . .  D  ADDR  00FEH  NOT USED
CCAPL2H. . . . . . . . . . . . . . .  D  ADDR  00FCH  NOT USED
CCAPL2L. . . . . . . . . . . . . . .  D  ADDR  00ECH  NOT USED
CCAPL3H. . . . . . . . . . . . . . .  D  ADDR  00FDH  NOT USED
CCAPL3L. . . . . . . . . . . . . . .  D  ADDR  00EDH  NOT USED
CCAPL4H. . . . . . . . . . . . . . .  D  ADDR  00FEH  NOT USED
CCAPL4L. . . . . . . . . . . . . . .  D  ADDR  00EEH  NOT USED
CCAPM0 . . . . . . . . . . . . . . .  D  ADDR  00DAH  NOT USED
CCAPM1 . . . . . . . . . . . . . . .  D  ADDR  00DBH  NOT USED
CCAPM2 . . . . . . . . . . . . . . .  D  ADDR  00DCH  NOT USED
CCAPM3 . . . . . . . . . . . . . . .  D  ADDR  00DDH  NOT USED
CCAPM4 . . . . . . . . . . . . . . .  D  ADDR  00DEH  NOT USED
CCF0 . . . . . . . . . . . . . . . .  B  ADDR  00D8H  NOT USED
CCF1 . . . . . . . . . . . . . . . .  B  ADDR  00D9H  NOT USED
CCF2 . . . . . . . . . . . . . . . .  B  ADDR  00DAH  NOT USED
CCF3 . . . . . . . . . . . . . . . .  B  ADDR  00DBH  NOT USED
CCF4 . . . . . . . . . . . . . . . .  B  ADDR  00DCH  NOT USED
CCON . . . . . . . . . . . . . . . .  D  ADDR  00D8H  NOT USED
CFINT. . . . . . . . . . . . . . . .  C  ADDR  0033H  NOT USED
CH . . . . . . . . . . . . . . . . .  D  ADDR  00F9H  NOT USED
CKCON. . . . . . . . . . . . . . . .  D  ADDR  008FH  NOT USED
CKCON0 . . . . . . . . . . . . . . .  D  ADDR  008FH  NOT USED
CKRL . . . . . . . . . . . . . . . .  D  ADDR  0097H  NOT USED
CKSEL. . . . . . . . . . . . . . . .  D  ADDR  0085H  NOT USED
CL . . . . . . . . . . . . . . . . .  D  ADDR  00E9H  NOT USED
CLKREG . . . . . . . . . . . . . . .  D  ADDR  008FH  NOT USED
CMOD . . . . . . . . . . . . . . . .  D  ADDR  00D9H  NOT USED
CONFIGURE_LCD. . . . . . . . . . . .  C  ADDR  0205H
CPRL2. . . . . . . . . . . . . . . .  B  ADDR  00C8H  NOT USED
CR . . . . . . . . . . . . . . . . .  B  ADDR  00DEH  NOT USED
CT2. . . . . . . . . . . . . . . . .  B  ADDR  00C9H  NOT USED
CY . . . . . . . . . . . . . . . . .  B  ADDR  00D7H  NOT USED
DELAY. . . . . . . . . . . . . . . .  C  ADDR  0234H
DELAYD . . . . . . . . . . . . . . .  C  ADDR  0057H
DELAY_0. . . . . . . . . . . . . . .  C  ADDR  00C3H
DELAY_1. . . . . . . . . . . . . . .  C  ADDR  00DAH
DELAY_2. . . . . . . . . . . . . . .  C  ADDR  00F1H
DELAY_3. . . . . . . . . . . . . . .  C  ADDR  0108H
DELAY_4. . . . . . . . . . . . . . .  C  ADDR  011FH
DELAY_5. . . . . . . . . . . . . . .  C  ADDR  0136H
DELAY_6. . . . . . . . . . . . . . .  C  ADDR  014DH
DELAY_7. . . . . . . . . . . . . . .  C  ADDR  0164H
DELAY_8. . . . . . . . . . . . . . .  C  ADDR  017BH
DELAY_9. . . . . . . . . . . . . . .  C  ADDR  0192H
DELAY_OUTER_LOOP . . . . . . . . . .  C  ADDR  023AH
DET. . . . . . . . . . . . . . . . .  C  ADDR  0035H
DP0H . . . . . . . . . . . . . . . .  D  ADDR  0083H  NOT USED
DP0L . . . . . . . . . . . . . . . .  D  ADDR  0082H  NOT USED
DP1H . . . . . . . . . . . . . . . .  D  ADDR  0085H  NOT USED
DP1L . . . . . . . . . . . . . . . .  D  ADDR  0084H  NOT USED
DPH. . . . . . . . . . . . . . . . .  D  ADDR  0083H  NOT USED
DPL. . . . . . . . . . . . . . . . .  D  ADDR  0082H  NOT USED
DUTY . . . . . . . . . . . . . . . .  C  ADDR  01BCH
DUTY2_H. . . . . . . . . . . . . . .  C  ADDR  01DBH
DUTY2_L. . . . . . . . . . . . . . .  C  ADDR  01F7H
DUTY4_H. . . . . . . . . . . . . . .  C  ADDR  01D4H
DUTY4_L. . . . . . . . . . . . . . .  C  ADDR  01EEH
DUTY6_H. . . . . . . . . . . . . . .  C  ADDR  01CBH
DUTY6_L. . . . . . . . . . . . . . .  C  ADDR  01E7H
EA . . . . . . . . . . . . . . . . .  B  ADDR  00AFH  NOT USED
EC . . . . . . . . . . . . . . . . .  B  ADDR  00AEH  NOT USED
EECON. . . . . . . . . . . . . . . .  D  ADDR  0096H  NOT USED
EIGHT. . . . . . . . . . . . . . . .  C  ADDR  00B0H
ES . . . . . . . . . . . . . . . . .  B  ADDR  00ACH  NOT USED
ET0. . . . . . . . . . . . . . . . .  B  ADDR  00A9H  NOT USED
ET1. . . . . . . . . . . . . . . . .  B  ADDR  00ABH  NOT USED
ET2. . . . . . . . . . . . . . . . .  B  ADDR  00ADH  NOT USED
EX0. . . . . . . . . . . . . . . . .  B  ADDR  00A8H  NOT USED
EX1. . . . . . . . . . . . . . . . .  B  ADDR  00AAH  NOT USED
EXEN2. . . . . . . . . . . . . . . .  B  ADDR  00CBH  NOT USED
EXF2 . . . . . . . . . . . . . . . .  B  ADDR  00CEH  NOT USED
EXTI0. . . . . . . . . . . . . . . .  C  ADDR  0003H  NOT USED
EXTI1. . . . . . . . . . . . . . . .  C  ADDR  0013H  NOT USED
F0 . . . . . . . . . . . . . . . . .  B  ADDR  00D5H  NOT USED
FE . . . . . . . . . . . . . . . . .  B  ADDR  009FH  NOT USED
FIN. . . . . . . . . . . . . . . . .  C  ADDR  00C2H
FINISH_H . . . . . . . . . . . . . .  C  ADDR  01E0H
FINISH_L . . . . . . . . . . . . . .  C  ADDR  0202H
FIRST_D0 . . . . . . . . . . . . . .  C  ADDR  0323H
FIRST_D1 . . . . . . . . . . . . . .  C  ADDR  032DH
FIRST_D2 . . . . . . . . . . . . . .  C  ADDR  0337H
FIRST_D3 . . . . . . . . . . . . . .  C  ADDR  0341H
FIRST_D4 . . . . . . . . . . . . . .  C  ADDR  034BH
FIRST_D5 . . . . . . . . . . . . . .  C  ADDR  0355H
FIRST_D6 . . . . . . . . . . . . . .  C  ADDR  035FH
FIRST_D7 . . . . . . . . . . . . . .  C  ADDR  0369H
FIRST_D8 . . . . . . . . . . . . . .  C  ADDR  0373H
FIRST_D9 . . . . . . . . . . . . . .  C  ADDR  037DH
FIVE . . . . . . . . . . . . . . . .  C  ADDR  0092H
FOUR . . . . . . . . . . . . . . . .  C  ADDR  0088H
GET_FREQ . . . . . . . . . . . . . .  C  ADDR  01ACH
H1 . . . . . . . . . . . . . . . . .  C  ADDR  005BH
H2 . . . . . . . . . . . . . . . . .  C  ADDR  0059H
IE . . . . . . . . . . . . . . . . .  D  ADDR  00A8H  NOT USED
IE0. . . . . . . . . . . . . . . . .  B  ADDR  0089H  NOT USED
IE1. . . . . . . . . . . . . . . . .  B  ADDR  008BH  NOT USED
INT0 . . . . . . . . . . . . . . . .  B  ADDR  00B2H  NOT USED
INT1 . . . . . . . . . . . . . . . .  B  ADDR  00B3H  NOT USED
IP . . . . . . . . . . . . . . . . .  D  ADDR  00B8H  NOT USED
IPH. . . . . . . . . . . . . . . . .  D  ADDR  00B7H  NOT USED
IPH0 . . . . . . . . . . . . . . . .  D  ADDR  00B7H  NOT USED
IPH1 . . . . . . . . . . . . . . . .  D  ADDR  00B3H  NOT USED
IPL0 . . . . . . . . . . . . . . . .  D  ADDR  00B8H  NOT USED
IPL1 . . . . . . . . . . . . . . . .  D  ADDR  00B2H  NOT USED
IT0. . . . . . . . . . . . . . . . .  B  ADDR  0088H  NOT USED
IT1. . . . . . . . . . . . . . . . .  B  ADDR  008AH  NOT USED
K1 . . . . . . . . . . . . . . . . .  C  ADDR  0248H
K2 . . . . . . . . . . . . . . . . .  C  ADDR  0252H
KBE. . . . . . . . . . . . . . . . .  D  ADDR  009DH  NOT USED
KBF. . . . . . . . . . . . . . . . .  D  ADDR  009EH  NOT USED
KBLS . . . . . . . . . . . . . . . .  D  ADDR  009CH  NOT USED
KB_FIND. . . . . . . . . . . . . . .  C  ADDR  02A5H
KB_MATCH . . . . . . . . . . . . . .  C  ADDR  02ABH
KB_OVER. . . . . . . . . . . . . . .  C  ADDR  025DH
KB_OVER1 . . . . . . . . . . . . . .  C  ADDR  0268H
KCODE0 . . . . . . . . . . . . . . .  C  ADDR  02AEH
KCODE1 . . . . . . . . . . . . . . .  C  ADDR  02B2H
KCODE2 . . . . . . . . . . . . . . .  C  ADDR  02B6H
KCODE3 . . . . . . . . . . . . . . .  C  ADDR  02BAH
KEY. . . . . . . . . . . . . . . . .  C  ADDR  0024H
KEYBOARD . . . . . . . . . . . . . .  C  ADDR  0245H
KEYBOARD_LOOP. . . . . . . . . . . .  C  ADDR  001BH
NINE . . . . . . . . . . . . . . . .  C  ADDR  00BAH
ONE. . . . . . . . . . . . . . . . .  C  ADDR  006AH
OSCCON . . . . . . . . . . . . . . .  D  ADDR  0086H  NOT USED
OV . . . . . . . . . . . . . . . . .  B  ADDR  00D2H  NOT USED
P. . . . . . . . . . . . . . . . . .  B  ADDR  00D0H  NOT USED
P0 . . . . . . . . . . . . . . . . .  D  ADDR  0080H
P1 . . . . . . . . . . . . . . . . .  D  ADDR  0090H
P1M1 . . . . . . . . . . . . . . . .  D  ADDR  00D4H  NOT USED
P1M2 . . . . . . . . . . . . . . . .  D  ADDR  00E2H  NOT USED
P2 . . . . . . . . . . . . . . . . .  D  ADDR  00A0H
P3 . . . . . . . . . . . . . . . . .  D  ADDR  00B0H
P3M1 . . . . . . . . . . . . . . . .  D  ADDR  00D5H  NOT USED
P3M2 . . . . . . . . . . . . . . . .  D  ADDR  00E3H  NOT USED
P4 . . . . . . . . . . . . . . . . .  D  ADDR  00C0H  NOT USED
P4M1 . . . . . . . . . . . . . . . .  D  ADDR  00D6H  NOT USED
P4M2 . . . . . . . . . . . . . . . .  D  ADDR  00E4H  NOT USED
P5 . . . . . . . . . . . . . . . . .  D  ADDR  00E8H  NOT USED
PC . . . . . . . . . . . . . . . . .  B  ADDR  00BEH  NOT USED
PCON . . . . . . . . . . . . . . . .  D  ADDR  0087H  NOT USED
PI0. . . . . . . . . . . . . . . . .  C  ADDR  02BEH
PI1. . . . . . . . . . . . . . . . .  C  ADDR  02C8H
PI2. . . . . . . . . . . . . . . . .  C  ADDR  02D2H
PI3. . . . . . . . . . . . . . . . .  C  ADDR  02DCH
PI4. . . . . . . . . . . . . . . . .  C  ADDR  02E6H
PI5. . . . . . . . . . . . . . . . .  C  ADDR  02F0H
PI6. . . . . . . . . . . . . . . . .  C  ADDR  02FAH
PI7. . . . . . . . . . . . . . . . .  C  ADDR  0304H
PI8. . . . . . . . . . . . . . . . .  C  ADDR  030EH
PI9. . . . . . . . . . . . . . . . .  C  ADDR  0318H
PPCL . . . . . . . . . . . . . . . .  B  ADDR  00BEH  NOT USED
PRINT_DUTY . . . . . . . . . . . . .  C  ADDR  004FH
PRINT_FREQ . . . . . . . . . . . . .  C  ADDR  003FH
PS . . . . . . . . . . . . . . . . .  B  ADDR  00BCH  NOT USED
PSL. . . . . . . . . . . . . . . . .  B  ADDR  00BCH  NOT USED
PSW. . . . . . . . . . . . . . . . .  D  ADDR  00D0H  NOT USED
PT0. . . . . . . . . . . . . . . . .  B  ADDR  00B9H  NOT USED
PT0L . . . . . . . . . . . . . . . .  B  ADDR  00B9H  NOT USED
PT1. . . . . . . . . . . . . . . . .  B  ADDR  00BBH  NOT USED
PT1L . . . . . . . . . . . . . . . .  B  ADDR  00BBH  NOT USED
PT2. . . . . . . . . . . . . . . . .  B  ADDR  00BDH  NOT USED
PT2L . . . . . . . . . . . . . . . .  B  ADDR  00BDH  NOT USED
PX0. . . . . . . . . . . . . . . . .  B  ADDR  00B8H  NOT USED
PX0L . . . . . . . . . . . . . . . .  B  ADDR  00B8H  NOT USED
PX1. . . . . . . . . . . . . . . . .  B  ADDR  00BAH  NOT USED
PX1L . . . . . . . . . . . . . . . .  B  ADDR  00BAH  NOT USED
RB8. . . . . . . . . . . . . . . . .  B  ADDR  009AH  NOT USED
RCAP2H . . . . . . . . . . . . . . .  D  ADDR  00CBH  NOT USED
RCAP2L . . . . . . . . . . . . . . .  D  ADDR  00CAH  NOT USED
RCLK . . . . . . . . . . . . . . . .  B  ADDR  00CDH  NOT USED
RD . . . . . . . . . . . . . . . . .  B  ADDR  00B7H  NOT USED
REN. . . . . . . . . . . . . . . . .  B  ADDR  009CH  NOT USED
RESET. . . . . . . . . . . . . . . .  C  ADDR  0000H  NOT USED
RI . . . . . . . . . . . . . . . . .  B  ADDR  0098H  NOT USED
ROW_0. . . . . . . . . . . . . . . .  C  ADDR  0293H
ROW_1. . . . . . . . . . . . . . . .  C  ADDR  0298H
ROW_2. . . . . . . . . . . . . . . .  C  ADDR  029DH
ROW_3. . . . . . . . . . . . . . . .  C  ADDR  02A2H
RS0. . . . . . . . . . . . . . . . .  B  ADDR  00D3H  NOT USED
RS1. . . . . . . . . . . . . . . . .  B  ADDR  00D4H  NOT USED
RXD. . . . . . . . . . . . . . . . .  B  ADDR  00B0H  NOT USED
SADDR. . . . . . . . . . . . . . . .  D  ADDR  00A9H  NOT USED
SADDR_0. . . . . . . . . . . . . . .  D  ADDR  00A9H  NOT USED
SADDR_1. . . . . . . . . . . . . . .  D  ADDR  00AAH  NOT USED
SADEN. . . . . . . . . . . . . . . .  D  ADDR  00B9H  NOT USED
SADEN_0. . . . . . . . . . . . . . .  D  ADDR  00B9H  NOT USED
SADEN_1. . . . . . . . . . . . . . .  D  ADDR  00BAH  NOT USED
SBUF . . . . . . . . . . . . . . . .  D  ADDR  0099H  NOT USED
SCON . . . . . . . . . . . . . . . .  D  ADDR  0098H  NOT USED
SEC_D0 . . . . . . . . . . . . . . .  C  ADDR  0387H
SEC_D1 . . . . . . . . . . . . . . .  C  ADDR  0391H
SEC_D2 . . . . . . . . . . . . . . .  C  ADDR  039BH
SEC_D3 . . . . . . . . . . . . . . .  C  ADDR  03A5H
SEC_D4 . . . . . . . . . . . . . . .  C  ADDR  03AFH
SEC_D5 . . . . . . . . . . . . . . .  C  ADDR  03B9H
SEC_D6 . . . . . . . . . . . . . . .  C  ADDR  03C3H
SEC_D7 . . . . . . . . . . . . . . .  C  ADDR  03CDH
SEC_D8 . . . . . . . . . . . . . . .  C  ADDR  03D7H
SEC_D9 . . . . . . . . . . . . . . .  C  ADDR  03E1H
SEND_COMMAND . . . . . . . . . . . .  C  ADDR  021AH
SEND_DATA. . . . . . . . . . . . . .  C  ADDR  0227H
SEVEN. . . . . . . . . . . . . . . .  C  ADDR  00A6H
SINT . . . . . . . . . . . . . . . .  C  ADDR  0023H  NOT USED
SIX. . . . . . . . . . . . . . . . .  C  ADDR  009CH
SM0. . . . . . . . . . . . . . . . .  B  ADDR  009FH  NOT USED
SM1. . . . . . . . . . . . . . . . .  B  ADDR  009EH  NOT USED
SM2. . . . . . . . . . . . . . . . .  B  ADDR  009DH  NOT USED
SP . . . . . . . . . . . . . . . . .  D  ADDR  0081H  NOT USED
SPCON. . . . . . . . . . . . . . . .  D  ADDR  00C3H  NOT USED
SPCR . . . . . . . . . . . . . . . .  D  ADDR  00D5H  NOT USED
SPDAT. . . . . . . . . . . . . . . .  D  ADDR  00C5H  NOT USED
SPDR . . . . . . . . . . . . . . . .  D  ADDR  0086H  NOT USED
SPSR . . . . . . . . . . . . . . . .  D  ADDR  00AAH  NOT USED
SPSTA. . . . . . . . . . . . . . . .  D  ADDR  00C4H  NOT USED
T0 . . . . . . . . . . . . . . . . .  B  ADDR  00B4H  NOT USED
T1 . . . . . . . . . . . . . . . . .  B  ADDR  00B5H  NOT USED
T2CON. . . . . . . . . . . . . . . .  D  ADDR  00C8H  NOT USED
T2MOD. . . . . . . . . . . . . . . .  D  ADDR  00C9H  NOT USED
TABLE. . . . . . . . . . . . . . . .  C  ADDR  0060H
TB8. . . . . . . . . . . . . . . . .  B  ADDR  009BH  NOT USED
TCLK . . . . . . . . . . . . . . . .  B  ADDR  00CCH  NOT USED
TCON . . . . . . . . . . . . . . . .  D  ADDR  0088H  NOT USED
TF0. . . . . . . . . . . . . . . . .  B  ADDR  008DH  NOT USED
TF1. . . . . . . . . . . . . . . . .  B  ADDR  008FH  NOT USED
TF2. . . . . . . . . . . . . . . . .  B  ADDR  00CFH  NOT USED
TH0. . . . . . . . . . . . . . . . .  D  ADDR  008CH  NOT USED
TH1. . . . . . . . . . . . . . . . .  D  ADDR  008DH  NOT USED
TH2. . . . . . . . . . . . . . . . .  D  ADDR  00CDH  NOT USED
THREE. . . . . . . . . . . . . . . .  C  ADDR  007EH
TI . . . . . . . . . . . . . . . . .  B  ADDR  0099H  NOT USED
TIMER0 . . . . . . . . . . . . . . .  C  ADDR  000BH  NOT USED
TIMER1 . . . . . . . . . . . . . . .  C  ADDR  001BH  NOT USED
TIMER2 . . . . . . . . . . . . . . .  C  ADDR  002BH  NOT USED
TL0. . . . . . . . . . . . . . . . .  D  ADDR  008AH  NOT USED
TL1. . . . . . . . . . . . . . . . .  D  ADDR  008BH  NOT USED
TL2. . . . . . . . . . . . . . . . .  D  ADDR  00CCH  NOT USED
TMOD . . . . . . . . . . . . . . . .  D  ADDR  0089H  NOT USED
TO_HEX . . . . . . . . . . . . . . .  C  ADDR  01A9H
TR0. . . . . . . . . . . . . . . . .  B  ADDR  008CH  NOT USED
TR1. . . . . . . . . . . . . . . . .  B  ADDR  008EH  NOT USED
TR2. . . . . . . . . . . . . . . . .  B  ADDR  00CAH  NOT USED
TWO. . . . . . . . . . . . . . . . .  C  ADDR  0074H
TXD. . . . . . . . . . . . . . . . .  B  ADDR  00B1H  NOT USED
WDTCON . . . . . . . . . . . . . . .  D  ADDR  00A7H  NOT USED
WDTPRG . . . . . . . . . . . . . . .  D  ADDR  00A7H  NOT USED
WDTRST . . . . . . . . . . . . . . .  D  ADDR  00A6H  NOT USED
WR . . . . . . . . . . . . . . . . .  B  ADDR  00B6H  NOT USED