yuklenenck                                                                                                              PAGE 1
                         1     ORG 0
                         2
                         3             acall   CONFIGURE_LCD
****ERROR: Symbol not defined: configure_lcd
                         4             Mov R1,#40
                         5             mov  42,#'f'
                         6             mov  41,#'='
                         7             mov  38,#'H'
                         8             mov  37,#'z'
                         9             Mov R0,#33
                        10             mov  35,#'D'
                        11             mov  34,#'='
                        12             mov  31,#'%'
                        13
                        14     KEYBOARD_LOOP:
                        15             acall KEYBOARD
****ERROR: Symbol not defined: keyboard
                        16             ;now, A has the key pressed
                        17             acall send_data
****ERROR: Symbol not defined: send_data
                        18             Mov @R1,A
                        19             DEC R1
                        20             CJNE R1,#38,KEYBOARD_LOOP
                        21     key:    acall KEYBOARD
****ERROR: Symbol not defined: keyboard
                        22             acall send_data
****ERROR: Symbol not defined: send_data
                        23             Mov @R0,A
                        24             DEC R0
                        25             CJNE R0,#31,KEY
                        26             acall CONFIGURE_LCD
****ERROR: Symbol not defined: configure_lcd
                        27             acall det
                        28             acall duty
                        29             sjmp KEYBOARD_LOOP
                        30
                        31     det:
                        32             Mov R2,40
                        33             Mov R3,39
                        34             Acall Table
                        35             ACALL Get_Freq
                        36
                        37             Mov R0,#42
                        38     print_freq:     Mov A,@R0
                        39             acall send_data
****ERROR: Symbol not defined: send_data
                        40             dec R0
                        41             CJNE R0,#36,print_freq
                        42             mov a,#0ABH     ;FORCE CURSOR TO BEGINNING OF THE SECOND LINE
                        43             acall SEND_COMMAND
****ERROR: Symbol not defined: send_command
                        44             Mov R0,#35
                        45             Mov 32,#'0'
                        46     print_duty:     Mov A,@R0
                        47             acall send_data
****ERROR: Symbol not defined: send_data
                        48             dec R0
                        49             CJNE R0,#30,print_duty
                        50             ret
                        51
                        52
                        53
                        54     DELAYD:
                        55             MOV R6, 50
                        56         H2: MOV r7, 51
                        57         H1: DJNZ R7,H1
                        58             DJNZ R6,H2
                        59             RET
                        60
                        61     Table:
                        62             CJNE R2,#'0', One
                        63             acall DELAY_0
                        64             mov DPTR,#PI0
                        65             sjmp fin
                        66     One:    CJNE R2,#'1',Two
                        67             acall DELAY_1
                        68             mov DPTR,#PI1
                        69             sjmp fin
                        70     Two:    CJNE R2,#'2',Three
                        71             acall DELAY_2
                        72             mov DPTR,#PI2
                        73             sjmp fin
                        74     Three:  CJNE R2,#'3',four
                        75             acall DELAY_3
                        76             mov DPTR,#PI3
                        77             sjmp fin
                        78     Four:   CJNE R2,#'4',Five
                        79             acall DELAY_4
                        80             mov DPTR,#PI4
                        81             sjmp fin
                        82     Five:   CJNE R2,#'5',Six
                        83             acall DELAY_5
                        84             mov DPTR,#PI5
                        85             sjmp fin
                        86     Six:    CJNE R2,#'6',Seven
                        87             acall DELAY_6
                        88             mov DPTR,#PI6
                        89             sjmp fin
                        90     Seven:  CJNE R2,#'7',eight
                        91             acall DELAY_7
                        92             mov DPTR,#PI7
                        93             sjmp fin
                        94     Eight:  CJNE R2,#'8',Nine
                        95             acall DELAY_8
                        96             mov DPTR,#PI8
                        97             sjmp fin
                        98     Nine:   CJNE R2,#'9',fin
                        99             acall DELAY_9
                       100             mov DPTR,#PI9
                       101     fin:    ret
                       102
                       103
                       104
                       105     Delay_0:
                       106             mov DPTR,#First_D0
                       107             clr A
                       108             Mov A,R3
                       109             ACALL TO_HEX
                       110             Movc A, @A+DPTR
                       111             Mov 50, A
                       112             clr A
                       113             mov DPTR,#SEC_D0
                       114             clr A
                       115             Mov A,R3
                       116             ACALL TO_HEX
                       117             Movc A, @A+DPTR
                       118             Mov 51, A
                       119             clr A
                       120             ret
                       121     Delay_1:
                       122             mov DPTR,#First_D1
                       123             clr A
                       124             Mov A,R3
                       125             ACALL TO_HEX
                       126             Movc A, @A+DPTR
                       127             Mov 50, A
                       128             clr A
                       129             mov DPTR,#SEC_D1
                       130             clr A
                       131             Mov A,R3
                       132             ACALL TO_HEX
                       133             Movc A, @A+DPTR
                       134             Mov 51, A
                       135             clr A
                       136             ret
                       137     Delay_2:
                       138             mov DPTR,#First_D2
                       139             clr A
                       140             Mov A,R3
                       141             ACALL TO_HEX
                       142             Movc A, @A+DPTR
                       143             Mov 50, A
                       144             clr A
                       145             mov DPTR,#SEC_D2
                       146             clr A
                       147             Mov A,R3
                       148             ACALL TO_HEX
                       149             Movc A, @A+DPTR
                       150             Mov 51, A
                       151             clr A
                       152             ret
                       153     Delay_3:
                       154             mov DPTR,#First_D3
                       155             clr A
                       156             Mov A,R3
                       157             ACALL TO_HEX
                       158             Movc A, @A+DPTR
                       159             Mov 50, A
                       160             clr A
                       161             mov DPTR,#SEC_D3
                       162             clr A
                       163             Mov A,R3
                       164             ACALL TO_HEX
                       165             Movc A, @A+DPTR
                       166             Mov 51, A
                       167             clr A
                       168             ret
                       169     Delay_4:
                       170             mov DPTR,#First_D4
                       171             clr A
                       172             Mov A,R3
                       173             ACALL TO_HEX
                       174             Movc A, @A+DPTR
                       175             Mov 50, A
                       176             clr A
                       177             mov DPTR,#SEC_D4
                       178             clr A
                       179             Mov A,R3
                       180             ACALL TO_HEX
                       181             Movc A, @A+DPTR
                       182             Mov 51, A
                       183             clr A
                       184             ret
                       185     Delay_5:
                       186             mov DPTR,#First_D5
                       187             clr A
                       188             Mov A,R3
                       189             ACALL TO_HEX
                       190             Movc A, @A+DPTR
                       191             Mov 50, A
                       192             clr A
                       193             mov DPTR,#SEC_D5
                       194             clr A
                       195             Mov A,R3
                       196             ACALL TO_HEX
                       197             Movc A, @A+DPTR
                       198             Mov 51, A
                       199             clr A
                       200             ret
                       201     Delay_6:
                       202             mov DPTR,#First_D6
                       203             clr A
                       204             Mov A,R3
                       205             ACALL TO_HEX
                       206             Movc A, @A+DPTR
                       207             Mov 50, A
                       208             clr A
                       209             mov DPTR,#SEC_D6
                       210             clr A
                       211             Mov A,R3
                       212             ACALL TO_HEX
                       213             Movc A, @A+DPTR
                       214             Mov 51, A
                       215             clr A
                       216             ret
                       217     Delay_7:
                       218             mov DPTR,#First_D7
                       219             clr A
                       220             Mov A,R3
                       221             ACALL TO_HEX
                       222             Movc A, @A+DPTR
                       223             Mov 50, A
                       224             clr A
                       225             mov DPTR,#SEC_D7
                       226             clr A
                       227             Mov A,R3
                       228             ACALL TO_HEX
                       229             Movc A, @A+DPTR
                       230             Mov 51, A
                       231             clr A
                       232             ret
                       233     Delay_8:
                       234             mov DPTR,#First_D8
                       235             clr A
                       236             Mov A,R3
                       237             ACALL TO_HEX
                       238             Movc A, @A+DPTR
                       239             Mov 50, A
                       240             clr A
                       241             mov DPTR,#SEC_D8
                       242             clr A
                       243             Mov A,R3
                       244             ACALL TO_HEX
                       245             Movc A, @A+DPTR
                       246             Mov 51, A
                       247             clr A
                       248             ret
                       249     Delay_9:
                       250             mov DPTR,#First_D9
                       251             clr A
                       252             Mov A,R3
                       253             ACALL TO_HEX
                       254             Movc A, @A+DPTR
                       255             Mov 50, A
                       256             clr A
                       257             mov DPTR,#SEC_D9
                       258             clr A
                       259             Mov A,R3
                       260             ACALL TO_HEX
                       261             Movc A, @A+DPTR
                       262             Mov 51, A
                       263             clr A
                       264             ret
                       265
                       266
                       267
                       268     TO_HEX:
                       269             ANL A,#00001111b
                       270             ret
                       271
                       272     Get_Freq:
                       273             clr A
                       274             Mov A,R3
                       275             ACALL TO_HEX
                       276             movc A, @A+DPTR; get ASCII code from the table
                       277             Mov 40,A
                       278             clr A
                       279             Mov A,R3
                       280             Inc A
                       281             ACALL TO_HEX
                       282             movc A, @A+DPTR; get ASCII code from the table
                       283             Mov 39,A
                       284             ret
                       285
                       286
                       287     DUTY:
                       288             Mov R4,33
                       289             setb P2.7
                       290             CJNE R4,#'8',Duty6_H
                       291             acall DelayD
                       292             acall DelayD
                       293             acall DelayD
                       294             acall DelayD
                       295     Duty6_H:CJNE R4,#'6',Duty4_H
                       296             acall DelayD
                       297             acall DelayD
                       298             acall DelayD
                       299     Duty4_H:CJNE R4,#'4',Duty2_H
                       300             acall DelayD
                       301             acall DelayD
                       302     Duty2_H:CJNE R4,#'2', FINISH_H
                       303             acall DelayD
                       304     Finish_H: clr P2.7
                       305             CJNE R4,#'8',Duty6_L
                       306             acall DelayD
                       307     Duty6_L:CJNE R4,#'6',Duty4_L
                       308             acall DelayD
                       309             acall DelayD
                       310     Duty4_L:CJNE R4,#'4',Duty2_L
                       311             acall DelayD
                       312             acall DelayD
                       313             acall DelayD
                       314     Duty2_L:CJNE R4,#'2', FINISH_L
                       315             acall DelayD
                       316             acall DelayD
                       317             acall DelayD
                       318             acall DelayD
                       319     Finish_L: sjmp Duty
                       320             ret
                       321
                       322
                       323
                       324
                       325
                       326
                       327
                       328
                       329
                       330
                       331
                       332
                       333
                       334
                       335
                       336
                       337
0205 3839373933        338     PI0: DB '8','9','7','9','3','2','3','8','4','6'
     3233383436
020F 3236343333        339     PI1: DB '2','6','4','3','3','8','3','2','7','9'
     3833323739
0219 3530323838        340     PI2: DB '5','0','2','8','8','4','1','9','7','1'
     3431393731
0223 3639333939        341     PI3: DB '6','9','3','9','9','3','7','5','1','0'
     3337353130
022D 3538323039        342     PI4: DB '5','8','2','0','9','7','4','9','4','4'
     3734393434
0237 3539323330        343     PI5: DB '5','9','2','3','0','7','8','1','6','4'
     3738313634
0241 3036323836        344     PI6: DB '0','6','2','8','6','2','0','8','9','9'
     3230383939
024B 3836323830        345     PI7: DB '8','6','2','8','0','3','4','8','2','5'
     3334383235
0255 3334323131        346     PI8: DB '3','4','2','1','1','7','0','6','7','9'
     3730363739
025F 3832313438        347     PI9: DB '8','2','1','4','8','0','8','6','5','1','3'
     3038363531
     33
                       348
026A 05050B040C        349     FIRST_D0: DB 5,5,11,4,12,24,25,6,11,9
     1819060B09
0274 0E06091319        350     FIRST_D1: DB 14,6,9,19,25,5,12,14,11,5
     050C0E0B05
027E 13C00E0806        351     FIRST_D2: DB 19,192,14,8,6,13,25,5,11,24
     0D19050B18
0288 0504110704        352     FIRST_D3: DB 5,4,17,7,4,47,5,13,48,96
     2F050D3060
0292 0705184005        353     FIRST_D4: DB 7,5,24,64,5,5,9,4,13,16
     0509040D10
029C 0B0718103A        354     FIRST_D5: DB 11,7,24,16,58,5,17,24,6,12
     051118060C
02A6 40090E0709        355     FIRST_D6: DB 64,9,14,7,9,24,48,5,7,4
     1830050704
02B0 07090E0680        356     FIRST_D7: DB 7,9,14,6,128,21,8,5,19,37
     1508051325
02BA 1511133B27        357     FIRST_D8: DB 21,17,19,59,39,7,64,11,11,4
     07400B0B04
02C4 05131D0806        358     FIRST_D9: DB 5,19,29,8,6,48,7,11,13,51
     30070B0D33
                       359
02CE CFBE6AF8F0        360     SEC_D0: DB 207,190,106,248,240,167,97,183,182,165
     A761B7B6A5
02D8 FDF0EE9361        361     SEC_D1: DB 253,240,238,147,97,222,240,244,106,194
     DEF0F46AC2
02E2 61F0EB83B7        362     SEC_D2: DB 97,240,235,131,183,173,194,190,118,240
     ADC2BE76F0
02EC 59F88B85F8        363     SEC_D3: DB 89,248,139,133,248,53,246,139,192,192
     35F68BC0C0
02F6 E3E1C0A0BE        364     SEC_D4: DB 227,225,192,160,190,249,209,245,161,128
     F9D1F5A180
0300 8E8FA7C0E3        365     SEC_D5: DB 142,143,167,192,227,236,67,240,240,192
     EC43F0F0C0
030A F0A5EB99A5        366     SEC_D6: DB 240,165,235,153,165,192,240,207,133,235
     C0F0CF85EB
0314 99A5EBC0F0        367     SEC_D7: DB 153,165,235,192,240,129,240,225,194,47
     81F0E1C22F
031E 8181E78E8B        368     SEC_D8: DB 129,129,231,142,139,188,240,125,106,235
     BCF07D6AEB
0328 E1E7E3F0C0        369     SEC_D9: DB 225,231,227,240,192,240,153,129,139,139
     F099818B8B
                       370
                       371     end
ASSEMBLY COMPLETE, 9 ERRORS FOUND, NO WARNINGS


ERROR SUMMARY:
Line 3, ERROR: Symbol not defined: configure_lcd
Line 16, ERROR: Symbol not defined: keyboard
Line 19, ERROR: Symbol not defined: send_data
Line 24, ERROR: Symbol not defined: keyboard
Line 26, ERROR: Symbol not defined: send_data
Line 31, ERROR: Symbol not defined: configure_lcd
Line 45, ERROR: Symbol not defined: send_data
Line 50, ERROR: Symbol not defined: send_command
Line 55, ERROR: Symbol not defined: send_data

SYMBOL TABLE:
??MCU_8051_IDE . . . . . . . . . . .  N  NUMB  8051H  NOT USED
??VERSION. . . . . . . . . . . . . .  N  NUMB  0147H  NOT USED
AC . . . . . . . . . . . . . . . . .  B  ADDR  00D6H  NOT USED
ACC. . . . . . . . . . . . . . . . .  D  ADDR  00E0H  NOT USED
ACSR . . . . . . . . . . . . . . . .  D  ADDR  0097H  NOT USED
ADCF . . . . . . . . . . . . . . . .  D  ADDR  00F6H  NOT USED
ADCLK. . . . . . . . . . . . . . . .  D  ADDR  00F2H  NOT USED
ADCON. . . . . . . . . . . . . . . .  D  ADDR  00F3H  NOT USED
ADDH . . . . . . . . . . . . . . . .  D  ADDR  00F5H  NOT USED
ADDL . . . . . . . . . . . . . . . .  D  ADDR  00F4H  NOT USED
AUXR . . . . . . . . . . . . . . . .  D  ADDR  008EH  NOT USED
AUXR1. . . . . . . . . . . . . . . .  D  ADDR  00A2H  NOT USED
B. . . . . . . . . . . . . . . . . .  D  ADDR  00F0H  NOT USED
BDRCON . . . . . . . . . . . . . . .  D  ADDR  009BH  NOT USED
BDRCON_1 . . . . . . . . . . . . . .  D  ADDR  009CH  NOT USED
BRL. . . . . . . . . . . . . . . . .  D  ADDR  009AH  NOT USED
CCAP0H . . . . . . . . . . . . . . .  D  ADDR  00FAH  NOT USED
CCAP0L . . . . . . . . . . . . . . .  D  ADDR  00EAH  NOT USED
CCAP1H . . . . . . . . . . . . . . .  D  ADDR  00FBH  NOT USED
CCAP1L . . . . . . . . . . . . . . .  D  ADDR  00EBH  NOT USED
CCAP2H . . . . . . . . . . . . . . .  D  ADDR  00FCH  NOT USED
CCAP3H . . . . . . . . . . . . . . .  D  ADDR  00FDH  NOT USED
CCAP4H . . . . . . . . . . . . . . .  D  ADDR  00FEH  NOT USED
CCAPL2H. . . . . . . . . . . . . . .  D  ADDR  00FCH  NOT USED
CCAPL2L. . . . . . . . . . . . . . .  D  ADDR  00ECH  NOT USED
CCAPL3H. . . . . . . . . . . . . . .  D  ADDR  00FDH  NOT USED
CCAPL3L. . . . . . . . . . . . . . .  D  ADDR  00EDH  NOT USED
CCAPL4H. . . . . . . . . . . . . . .  D  ADDR  00FEH  NOT USED
CCAPL4L. . . . . . . . . . . . . . .  D  ADDR  00EEH  NOT USED
CCAPM0 . . . . . . . . . . . . . . .  D  ADDR  00DAH  NOT USED
CCAPM1 . . . . . . . . . . . . . . .  D  ADDR  00DBH  NOT USED
CCAPM2 . . . . . . . . . . . . . . .  D  ADDR  00DCH  NOT USED
CCAPM3 . . . . . . . . . . . . . . .  D  ADDR  00DDH  NOT USED
CCAPM4 . . . . . . . . . . . . . . .  D  ADDR  00DEH  NOT USED
CCF0 . . . . . . . . . . . . . . . .  B  ADDR  00D8H  NOT USED
CCF1 . . . . . . . . . . . . . . . .  B  ADDR  00D9H  NOT USED
CCF2 . . . . . . . . . . . . . . . .  B  ADDR  00DAH  NOT USED
CCF3 . . . . . . . . . . . . . . . .  B  ADDR  00DBH  NOT USED
CCF4 . . . . . . . . . . . . . . . .  B  ADDR  00DCH  NOT USED
CCON . . . . . . . . . . . . . . . .  D  ADDR  00D8H  NOT USED
CFINT. . . . . . . . . . . . . . . .  C  ADDR  0033H  NOT USED
CH . . . . . . . . . . . . . . . . .  D  ADDR  00F9H  NOT USED
CKCON. . . . . . . . . . . . . . . .  D  ADDR  008FH  NOT USED
CKCON0 . . . . . . . . . . . . . . .  D  ADDR  008FH  NOT USED
CKRL . . . . . . . . . . . . . . . .  D  ADDR  0097H  NOT USED
CKSEL. . . . . . . . . . . . . . . .  D  ADDR  0085H  NOT USED
CL . . . . . . . . . . . . . . . . .  D  ADDR  00E9H  NOT USED
CLKREG . . . . . . . . . . . . . . .  D  ADDR  008FH  NOT USED
CMOD . . . . . . . . . . . . . . . .  D  ADDR  00D9H  NOT USED
CPRL2. . . . . . . . . . . . . . . .  B  ADDR  00C8H  NOT USED
CR . . . . . . . . . . . . . . . . .  B  ADDR  00DEH  NOT USED
CT2. . . . . . . . . . . . . . . . .  B  ADDR  00C9H  NOT USED
CY . . . . . . . . . . . . . . . . .  B  ADDR  00D7H  NOT USED
DELAYD . . . . . . . . . . . . . . .  C  ADDR  0057H
DELAY_0. . . . . . . . . . . . . . .  C  ADDR  00C3H
DELAY_1. . . . . . . . . . . . . . .  C  ADDR  00DAH
DELAY_2. . . . . . . . . . . . . . .  C  ADDR  00F1H
DELAY_3. . . . . . . . . . . . . . .  C  ADDR  0108H
DELAY_4. . . . . . . . . . . . . . .  C  ADDR  011FH
DELAY_5. . . . . . . . . . . . . . .  C  ADDR  0136H
DELAY_6. . . . . . . . . . . . . . .  C  ADDR  014DH
DELAY_7. . . . . . . . . . . . . . .  C  ADDR  0164H
DELAY_8. . . . . . . . . . . . . . .  C  ADDR  017BH
DELAY_9. . . . . . . . . . . . . . .  C  ADDR  0192H
DET. . . . . . . . . . . . . . . . .  C  ADDR  0035H
DP0H . . . . . . . . . . . . . . . .  D  ADDR  0083H  NOT USED
DP0L . . . . . . . . . . . . . . . .  D  ADDR  0082H  NOT USED
DP1H . . . . . . . . . . . . . . . .  D  ADDR  0085H  NOT USED
DP1L . . . . . . . . . . . . . . . .  D  ADDR  0084H  NOT USED
DPH. . . . . . . . . . . . . . . . .  D  ADDR  0083H  NOT USED
DPL. . . . . . . . . . . . . . . . .  D  ADDR  0082H  NOT USED
DUTY . . . . . . . . . . . . . . . .  C  ADDR  01BCH
DUTY2_H. . . . . . . . . . . . . . .  C  ADDR  01DBH
DUTY2_L. . . . . . . . . . . . . . .  C  ADDR  01F7H
DUTY4_H. . . . . . . . . . . . . . .  C  ADDR  01D4H
DUTY4_L. . . . . . . . . . . . . . .  C  ADDR  01EEH
DUTY6_H. . . . . . . . . . . . . . .  C  ADDR  01CBH
DUTY6_L. . . . . . . . . . . . . . .  C  ADDR  01E7H
EA . . . . . . . . . . . . . . . . .  B  ADDR  00AFH  NOT USED
EC . . . . . . . . . . . . . . . . .  B  ADDR  00AEH  NOT USED
EECON. . . . . . . . . . . . . . . .  D  ADDR  0096H  NOT USED
EIGHT. . . . . . . . . . . . . . . .  C  ADDR  00B0H
ES . . . . . . . . . . . . . . . . .  B  ADDR  00ACH  NOT USED
ET0. . . . . . . . . . . . . . . . .  B  ADDR  00A9H  NOT USED
ET1. . . . . . . . . . . . . . . . .  B  ADDR  00ABH  NOT USED
ET2. . . . . . . . . . . . . . . . .  B  ADDR  00ADH  NOT USED
EX0. . . . . . . . . . . . . . . . .  B  ADDR  00A8H  NOT USED
EX1. . . . . . . . . . . . . . . . .  B  ADDR  00AAH  NOT USED
EXEN2. . . . . . . . . . . . . . . .  B  ADDR  00CBH  NOT USED
EXF2 . . . . . . . . . . . . . . . .  B  ADDR  00CEH  NOT USED
EXTI0. . . . . . . . . . . . . . . .  C  ADDR  0003H  NOT USED
EXTI1. . . . . . . . . . . . . . . .  C  ADDR  0013H  NOT USED
F0 . . . . . . . . . . . . . . . . .  B  ADDR  00D5H  NOT USED
FE . . . . . . . . . . . . . . . . .  B  ADDR  009FH  NOT USED
FIN. . . . . . . . . . . . . . . . .  C  ADDR  00C2H
FINISH_H . . . . . . . . . . . . . .  C  ADDR  01E0H
FINISH_L . . . . . . . . . . . . . .  C  ADDR  0202H
FIRST_D0 . . . . . . . . . . . . . .  C  ADDR  026AH
FIRST_D1 . . . . . . . . . . . . . .  C  ADDR  0274H
FIRST_D2 . . . . . . . . . . . . . .  C  ADDR  027EH
FIRST_D3 . . . . . . . . . . . . . .  C  ADDR  0288H
FIRST_D4 . . . . . . . . . . . . . .  C  ADDR  0292H
FIRST_D5 . . . . . . . . . . . . . .  C  ADDR  029CH
FIRST_D6 . . . . . . . . . . . . . .  C  ADDR  02A6H
FIRST_D7 . . . . . . . . . . . . . .  C  ADDR  02B0H
FIRST_D8 . . . . . . . . . . . . . .  C  ADDR  02BAH
FIRST_D9 . . . . . . . . . . . . . .  C  ADDR  02C4H
FIVE . . . . . . . . . . . . . . . .  C  ADDR  0092H
FOUR . . . . . . . . . . . . . . . .  C  ADDR  0088H
GET_FREQ . . . . . . . . . . . . . .  C  ADDR  01ACH
H1 . . . . . . . . . . . . . . . . .  C  ADDR  005BH
H2 . . . . . . . . . . . . . . . . .  C  ADDR  0059H
IE . . . . . . . . . . . . . . . . .  D  ADDR  00A8H  NOT USED
IE0. . . . . . . . . . . . . . . . .  B  ADDR  0089H  NOT USED
IE1. . . . . . . . . . . . . . . . .  B  ADDR  008BH  NOT USED
INT0 . . . . . . . . . . . . . . . .  B  ADDR  00B2H  NOT USED
INT1 . . . . . . . . . . . . . . . .  B  ADDR  00B3H  NOT USED
IP . . . . . . . . . . . . . . . . .  D  ADDR  00B8H  NOT USED
IPH. . . . . . . . . . . . . . . . .  D  ADDR  00B7H  NOT USED
IPH0 . . . . . . . . . . . . . . . .  D  ADDR  00B7H  NOT USED
IPH1 . . . . . . . . . . . . . . . .  D  ADDR  00B3H  NOT USED
IPL0 . . . . . . . . . . . . . . . .  D  ADDR  00B8H  NOT USED
IPL1 . . . . . . . . . . . . . . . .  D  ADDR  00B2H  NOT USED
IT0. . . . . . . . . . . . . . . . .  B  ADDR  0088H  NOT USED
IT1. . . . . . . . . . . . . . . . .  B  ADDR  008AH  NOT USED
KBE. . . . . . . . . . . . . . . . .  D  ADDR  009DH  NOT USED
KBF. . . . . . . . . . . . . . . . .  D  ADDR  009EH  NOT USED
KBLS . . . . . . . . . . . . . . . .  D  ADDR  009CH  NOT USED
KEY. . . . . . . . . . . . . . . . .  C  ADDR  0024H
KEYBOARD_LOOP. . . . . . . . . . . .  C  ADDR  001BH
NINE . . . . . . . . . . . . . . . .  C  ADDR  00BAH
ONE. . . . . . . . . . . . . . . . .  C  ADDR  006AH
OSCCON . . . . . . . . . . . . . . .  D  ADDR  0086H  NOT USED
OV . . . . . . . . . . . . . . . . .  B  ADDR  00D2H  NOT USED
P. . . . . . . . . . . . . . . . . .  B  ADDR  00D0H  NOT USED
P0 . . . . . . . . . . . . . . . . .  D  ADDR  0080H  NOT USED
P1 . . . . . . . . . . . . . . . . .  D  ADDR  0090H  NOT USED
P1M1 . . . . . . . . . . . . . . . .  D  ADDR  00D4H  NOT USED
P1M2 . . . . . . . . . . . . . . . .  D  ADDR  00E2H  NOT USED
P2 . . . . . . . . . . . . . . . . .  D  ADDR  00A0H
P3 . . . . . . . . . . . . . . . . .  D  ADDR  00B0H  NOT USED
P3M1 . . . . . . . . . . . . . . . .  D  ADDR  00D5H  NOT USED
P3M2 . . . . . . . . . . . . . . . .  D  ADDR  00E3H  NOT USED
P4 . . . . . . . . . . . . . . . . .  D  ADDR  00C0H  NOT USED
P4M1 . . . . . . . . . . . . . . . .  D  ADDR  00D6H  NOT USED
P4M2 . . . . . . . . . . . . . . . .  D  ADDR  00E4H  NOT USED
P5 . . . . . . . . . . . . . . . . .  D  ADDR  00E8H  NOT USED
PC . . . . . . . . . . . . . . . . .  B  ADDR  00BEH  NOT USED
PCON . . . . . . . . . . . . . . . .  D  ADDR  0087H  NOT USED
PI0. . . . . . . . . . . . . . . . .  C  ADDR  0205H
PI1. . . . . . . . . . . . . . . . .  C  ADDR  020FH
PI2. . . . . . . . . . . . . . . . .  C  ADDR  0219H
PI3. . . . . . . . . . . . . . . . .  C  ADDR  0223H
PI4. . . . . . . . . . . . . . . . .  C  ADDR  022DH
PI5. . . . . . . . . . . . . . . . .  C  ADDR  0237H
PI6. . . . . . . . . . . . . . . . .  C  ADDR  0241H
PI7. . . . . . . . . . . . . . . . .  C  ADDR  024BH
PI8. . . . . . . . . . . . . . . . .  C  ADDR  0255H
PI9. . . . . . . . . . . . . . . . .  C  ADDR  025FH
PPCL . . . . . . . . . . . . . . . .  B  ADDR  00BEH  NOT USED
PRINT_DUTY . . . . . . . . . . . . .  C  ADDR  004FH
PRINT_FREQ . . . . . . . . . . . . .  C  ADDR  003FH
PS . . . . . . . . . . . . . . . . .  B  ADDR  00BCH  NOT USED
PSL. . . . . . . . . . . . . . . . .  B  ADDR  00BCH  NOT USED
PSW. . . . . . . . . . . . . . . . .  D  ADDR  00D0H  NOT USED
PT0. . . . . . . . . . . . . . . . .  B  ADDR  00B9H  NOT USED
PT0L . . . . . . . . . . . . . . . .  B  ADDR  00B9H  NOT USED
PT1. . . . . . . . . . . . . . . . .  B  ADDR  00BBH  NOT USED
PT1L . . . . . . . . . . . . . . . .  B  ADDR  00BBH  NOT USED
PT2. . . . . . . . . . . . . . . . .  B  ADDR  00BDH  NOT USED
PT2L . . . . . . . . . . . . . . . .  B  ADDR  00BDH  NOT USED
PX0. . . . . . . . . . . . . . . . .  B  ADDR  00B8H  NOT USED
PX0L . . . . . . . . . . . . . . . .  B  ADDR  00B8H  NOT USED
PX1. . . . . . . . . . . . . . . . .  B  ADDR  00BAH  NOT USED
PX1L . . . . . . . . . . . . . . . .  B  ADDR  00BAH  NOT USED
RB8. . . . . . . . . . . . . . . . .  B  ADDR  009AH  NOT USED
RCAP2H . . . . . . . . . . . . . . .  D  ADDR  00CBH  NOT USED
RCAP2L . . . . . . . . . . . . . . .  D  ADDR  00CAH  NOT USED
RCLK . . . . . . . . . . . . . . . .  B  ADDR  00CDH  NOT USED
RD . . . . . . . . . . . . . . . . .  B  ADDR  00B7H  NOT USED
REN. . . . . . . . . . . . . . . . .  B  ADDR  009CH  NOT USED
RESET. . . . . . . . . . . . . . . .  C  ADDR  0000H  NOT USED
RI . . . . . . . . . . . . . . . . .  B  ADDR  0098H  NOT USED
RS0. . . . . . . . . . . . . . . . .  B  ADDR  00D3H  NOT USED
RS1. . . . . . . . . . . . . . . . .  B  ADDR  00D4H  NOT USED
RXD. . . . . . . . . . . . . . . . .  B  ADDR  00B0H  NOT USED
SADDR. . . . . . . . . . . . . . . .  D  ADDR  00A9H  NOT USED
SADDR_0. . . . . . . . . . . . . . .  D  ADDR  00A9H  NOT USED
SADDR_1. . . . . . . . . . . . . . .  D  ADDR  00AAH  NOT USED
SADEN. . . . . . . . . . . . . . . .  D  ADDR  00B9H  NOT USED
SADEN_0. . . . . . . . . . . . . . .  D  ADDR  00B9H  NOT USED
SADEN_1. . . . . . . . . . . . . . .  D  ADDR  00BAH  NOT USED
SBUF . . . . . . . . . . . . . . . .  D  ADDR  0099H  NOT USED
SCON . . . . . . . . . . . . . . . .  D  ADDR  0098H  NOT USED
SEC_D0 . . . . . . . . . . . . . . .  C  ADDR  02CEH
SEC_D1 . . . . . . . . . . . . . . .  C  ADDR  02D8H
SEC_D2 . . . . . . . . . . . . . . .  C  ADDR  02E2H
SEC_D3 . . . . . . . . . . . . . . .  C  ADDR  02ECH
SEC_D4 . . . . . . . . . . . . . . .  C  ADDR  02F6H
SEC_D5 . . . . . . . . . . . . . . .  C  ADDR  0300H
SEC_D6 . . . . . . . . . . . . . . .  C  ADDR  030AH
SEC_D7 . . . . . . . . . . . . . . .  C  ADDR  0314H
SEC_D8 . . . . . . . . . . . . . . .  C  ADDR  031EH
SEC_D9 . . . . . . . . . . . . . . .  C  ADDR  0328H
SEVEN. . . . . . . . . . . . . . . .  C  ADDR  00A6H
SINT . . . . . . . . . . . . . . . .  C  ADDR  0023H  NOT USED
SIX. . . . . . . . . . . . . . . . .  C  ADDR  009CH
SM0. . . . . . . . . . . . . . . . .  B  ADDR  009FH  NOT USED
SM1. . . . . . . . . . . . . . . . .  B  ADDR  009EH  NOT USED
SM2. . . . . . . . . . . . . . . . .  B  ADDR  009DH  NOT USED
SP . . . . . . . . . . . . . . . . .  D  ADDR  0081H  NOT USED
SPCON. . . . . . . . . . . . . . . .  D  ADDR  00C3H  NOT USED
SPCR . . . . . . . . . . . . . . . .  D  ADDR  00D5H  NOT USED
SPDAT. . . . . . . . . . . . . . . .  D  ADDR  00C5H  NOT USED
SPDR . . . . . . . . . . . . . . . .  D  ADDR  0086H  NOT USED
SPSR . . . . . . . . . . . . . . . .  D  ADDR  00AAH  NOT USED
SPSTA. . . . . . . . . . . . . . . .  D  ADDR  00C4H  NOT USED
T0 . . . . . . . . . . . . . . . . .  B  ADDR  00B4H  NOT USED
T1 . . . . . . . . . . . . . . . . .  B  ADDR  00B5H  NOT USED
T2CON. . . . . . . . . . . . . . . .  D  ADDR  00C8H  NOT USED
T2MOD. . . . . . . . . . . . . . . .  D  ADDR  00C9H  NOT USED
TABLE. . . . . . . . . . . . . . . .  C  ADDR  0060H
TB8. . . . . . . . . . . . . . . . .  B  ADDR  009BH  NOT USED
TCLK . . . . . . . . . . . . . . . .  B  ADDR  00CCH  NOT USED
TCON . . . . . . . . . . . . . . . .  D  ADDR  0088H  NOT USED
TF0. . . . . . . . . . . . . . . . .  B  ADDR  008DH  NOT USED
TF1. . . . . . . . . . . . . . . . .  B  ADDR  008FH  NOT USED
TF2. . . . . . . . . . . . . . . . .  B  ADDR  00CFH  NOT USED
TH0. . . . . . . . . . . . . . . . .  D  ADDR  008CH  NOT USED
TH1. . . . . . . . . . . . . . . . .  D  ADDR  008DH  NOT USED
TH2. . . . . . . . . . . . . . . . .  D  ADDR  00CDH  NOT USED
THREE. . . . . . . . . . . . . . . .  C  ADDR  007EH
TI . . . . . . . . . . . . . . . . .  B  ADDR  0099H  NOT USED
TIMER0 . . . . . . . . . . . . . . .  C  ADDR  000BH  NOT USED
TIMER1 . . . . . . . . . . . . . . .  C  ADDR  001BH  NOT USED
TIMER2 . . . . . . . . . . . . . . .  C  ADDR  002BH  NOT USED
TL0. . . . . . . . . . . . . . . . .  D  ADDR  008AH  NOT USED
TL1. . . . . . . . . . . . . . . . .  D  ADDR  008BH  NOT USED
TL2. . . . . . . . . . . . . . . . .  D  ADDR  00CCH  NOT USED
TMOD . . . . . . . . . . . . . . . .  D  ADDR  0089H  NOT USED
TO_HEX . . . . . . . . . . . . . . .  C  ADDR  01A9H
TR0. . . . . . . . . . . . . . . . .  B  ADDR  008CH  NOT USED
TR1. . . . . . . . . . . . . . . . .  B  ADDR  008EH  NOT USED
TR2. . . . . . . . . . . . . . . . .  B  ADDR  00CAH  NOT USED
TWO. . . . . . . . . . . . . . . . .  C  ADDR  0074H
TXD. . . . . . . . . . . . . . . . .  B  ADDR  00B1H  NOT USED
WDTCON . . . . . . . . . . . . . . .  D  ADDR  00A7H  NOT USED
WDTPRG . . . . . . . . . . . . . . .  D  ADDR  00A7H  NOT USED
WDTRST . . . . . . . . . . . . . . .  D  ADDR  00A6H  NOT USED
WR . . . . . . . . . . . . . . . . .  B  ADDR  00B6H  NOT USED